app/build/intermediates/manifest_merge_blame_file/debug/manifest-merger-blame-debug-report.txt
1<?xml version="1.0" encoding="utf-8"?>
2<manifest xmlns:android="http://schemas.android.com/apk/res/android"
3    package="com.example.skripsi"
4    android:versionCode="1"
5    android:versionName="1.0" >
6
7    <uses-sdk
8        android:minSdkVersion="23"
8-->src\main\AndroidManifest.xml
9        android:targetSdkVersion="33" />
9-->src\main\AndroidManifest.xml
10    <!-- permissions for INTERNET -->
11    <uses-permission android:name="android.permission.INTERNET" />
11-->src\main\AndroidManifest.xml:5:5-67
11-->src\main\AndroidManifest.xml:5:22-64
12
13    <!-- Although the *SdkVersion is captured in gradle build files, this is required for non gradle builds -->
14    <!-- <uses-sdk android:minSdkVersion="14"/> -->
15    <uses-permission android:name="android.permission.ACCESS_NETWORK_STATE" />
15-->[com.google.firebase:firebase-database:20.2.1] AndroidManifest.xml:24:5-79
15-->[com.google.firebase:firebase-database:20.2.1] AndroidManifest.xml:24:22-76
16    <uses-permission android:name="android.permission.WAKE_LOCK" />
16-->[com.google.android.gms:play-services-measurement-api:21.2.2] AndroidManifest.xml:24:5-68
16-->[com.google.android.gms:play-services-measurement-api:21.2.2] AndroidManifest.xml:24:22-65
17    <uses-permission android:name="com.google.android.gms.permission.AD_ID" />
17-->[com.google.android.gms:play-services-measurement-api:21.2.2] AndroidManifest.xml:25:5-79
17-->[com.google.android.gms:play-services-measurement-api:21.2.2] AndroidManifest.xml:25:22-76
18    <uses-permission android:name="com.google.android.finsky.permission.BIND_GET_INSTALL_REFERRER_SERVICE" />
18-->[com.google.android.gms:play-services-measurement:21.2.2] AndroidManifest.xml:26:5-110
18-->[com.google.android.gms:play-services-measurement:21.2.2] AndroidManifest.xml:26:22-107
19
20    <permission
20-->[androidx.core:core:1.9.0] AndroidManifest.xml:22:5-24:47
21        android:name="com.example.skripsi.DYNAMIC_RECEIVER_NOT_EXPORTED_PERMISSION"
21-->[androidx.core:core:1.9.0] AndroidManifest.xml:23:9-81
22        android:protectionLevel="signature" />
22-->[androidx.core:core:1.9.0] AndroidManifest.xml:24:9-44
23
24    <uses-permission android:name="com.example.skripsi.DYNAMIC_RECEIVER_NOT_EXPORTED_PERMISSION" />
24-->[androidx.core:core:1.9.0] AndroidManifest.xml:26:5-97
24-->[androidx.core:core:1.9.0] AndroidManifest.xml:26:22-94
25
26    <application
26-->src\main\AndroidManifest.xml:7:5-92:19
27        android:allowBackup="true"
27-->src\main\AndroidManifest.xml:8:9-35
28        android:appComponentFactory="androidx.core.app.CoreComponentFactory"
28-->[androidx.core:core:1.9.0] AndroidManifest.xml:28:18-86
29        android:dataExtractionRules="@xml/data_extraction_rules"
29-->src\main\AndroidManifest.xml:9:9-65
30        android:debuggable="true"
31        android:extractNativeLibs="false"
32        android:fullBackupContent="@xml/backup_rules"
32-->src\main\AndroidManifest.xml:10:9-54
33        android:icon="@mipmap/ic_launcher"
33-->src\main\AndroidManifest.xml:11:9-43
34        android:label="@string/app_name"
34-->src\main\AndroidManifest.xml:12:9-41
35        android:roundIcon="@mipmap/ic_launcher_round"
35-->src\main\AndroidManifest.xml:13:9-54
36        android:supportsRtl="true"
36-->src\main\AndroidManifest.xml:14:9-35
37        android:testOnly="true"
38        android:theme="@style/Theme.MyPler" >
38-->src\main\AndroidManifest.xml:15:9-44
39
40        <!-- <activity -->
41        <!-- android:name=".Activity.MainActivity" -->
42        <!-- android:exported="true" -->
43        <!-- android:screenOrientation="landscape"> -->
44        <!-- <intent-filter> -->
45        <!-- <action android:name="android.intent.action.MAIN" /> -->
46
47
48        <!-- <category android:name="android.intent.category.LAUNCHER" /> -->
49        <!-- </intent-filter> -->
50        <!-- <meta-data -->
51        <!-- android:name="android.app.lib_name" -->
52        <!-- android:value="" /> -->
53        <!-- </activity> -->
54
55        <activity
55-->src\main\AndroidManifest.xml:32:9-44:20
56            android:name="com.example.skripsi.Activity.MainActivity"
56-->src\main\AndroidManifest.xml:33:13-50
57            android:exported="true"
57-->src\main\AndroidManifest.xml:34:13-36
58            android:screenOrientation="portrait" >
58-->src\main\AndroidManifest.xml:35:13-49
59            <intent-filter>
59-->src\main\AndroidManifest.xml:36:13-40:29
60                <action android:name="android.intent.action.MAIN" />
60-->src\main\AndroidManifest.xml:37:17-69
60-->src\main\AndroidManifest.xml:37:25-66
61
62                <category android:name="android.intent.category.LAUNCHER" />
62-->src\main\AndroidManifest.xml:39:17-77
62-->src\main\AndroidManifest.xml:39:27-74
63            </intent-filter>
64
65            <meta-data
65-->src\main\AndroidManifest.xml:41:13-43:36
66                android:name="android.app.lib_name"
66-->src\main\AndroidManifest.xml:42:17-52
67                android:value="" />
67-->src\main\AndroidManifest.xml:43:17-33
68        </activity>
69        <activity
69-->src\main\AndroidManifest.xml:46:9-60:20
70            android:name="com.example.skripsi.Activity.RestaurantLogin"
70-->src\main\AndroidManifest.xml:47:13-53
71            android:exported="true"
71-->src\main\AndroidManifest.xml:48:13-36
72            android:screenOrientation="portrait" >
72-->src\main\AndroidManifest.xml:49:13-49
73
74            <!-- <intent-filter> -->
75            <!-- <action android:name="android.intent.action.MAIN" /> -->
76
77
78            <!-- <category android:name="android.intent.category.LAUNCHER" /> -->
79            <!-- </intent-filter> -->
80
81            <meta-data
81-->src\main\AndroidManifest.xml:41:13-43:36
82                android:name="android.app.lib_name"
82-->src\main\AndroidManifest.xml:42:17-52
83                android:value="" />
83-->src\main\AndroidManifest.xml:43:17-33
84        </activity>
85        <activity
85-->src\main\AndroidManifest.xml:62:9-70:20
86            android:name="com.example.skripsi.Activity.POSRegister"
86-->src\main\AndroidManifest.xml:63:13-49
87            android:exported="false"
87-->src\main\AndroidManifest.xml:64:13-37
88            android:screenOrientation="portrait" >
88-->src\main\AndroidManifest.xml:65:13-49
89            <meta-data
89-->src\main\AndroidManifest.xml:41:13-43:36
90                android:name="android.app.lib_name"
90-->src\main\AndroidManifest.xml:42:17-52
91                android:value="" />
91-->src\main\AndroidManifest.xml:43:17-33
92        </activity>
93        <activity
93-->src\main\AndroidManifest.xml:72:9-80:20
94            android:name="com.example.skripsi.Activity.RestaurantRegister"
94-->src\main\AndroidManifest.xml:73:13-56
95            android:exported="false"
95-->src\main\AndroidManifest.xml:74:13-37
96            android:screenOrientation="portrait" >
96-->src\main\AndroidManifest.xml:75:13-49
97            <meta-data
97-->src\main\AndroidManifest.xml:41:13-43:36
98                android:name="android.app.lib_name"
98-->src\main\AndroidManifest.xml:42:17-52
99                android:value="" />
99-->src\main\AndroidManifest.xml:43:17-33
100        </activity>
101        <activity
101-->src\main\AndroidManifest.xml:82:9-90:20
102            android:name="com.example.skripsi.Activity.POSLogin"
102-->src\main\AndroidManifest.xml:83:13-46
103            android:exported="false"
103-->src\main\AndroidManifest.xml:84:13-37
104            android:screenOrientation="portrait" >
104-->src\main\AndroidManifest.xml:85:13-49
105            <meta-data
105-->src\main\AndroidManifest.xml:41:13-43:36
106                android:name="android.app.lib_name"
106-->src\main\AndroidManifest.xml:42:17-52
107                android:value="" />
107-->src\main\AndroidManifest.xml:43:17-33
108        </activity>
109
110        <service
110-->[com.google.firebase:firebase-database:20.2.1] AndroidManifest.xml:28:9-34:19
111            android:name="com.google.firebase.components.ComponentDiscoveryService"
111-->[com.google.firebase:firebase-database:20.2.1] AndroidManifest.xml:29:13-84
112            android:directBootAware="true"
112-->[com.google.firebase:firebase-common:20.3.2] AndroidManifest.xml:34:13-43
113            android:exported="false" >
113-->[com.google.firebase:firebase-database:20.2.1] AndroidManifest.xml:30:13-37
114            <meta-data
114-->[com.google.firebase:firebase-database:20.2.1] AndroidManifest.xml:31:13-33:85
115                android:name="com.google.firebase.components:com.google.firebase.database.DatabaseRegistrar"
115-->[com.google.firebase:firebase-database:20.2.1] AndroidManifest.xml:32:17-109
116                android:value="com.google.firebase.components.ComponentRegistrar" />
116-->[com.google.firebase:firebase-database:20.2.1] AndroidManifest.xml:33:17-82
117            <meta-data
117-->[com.google.android.gms:play-services-measurement-api:21.2.2] AndroidManifest.xml:31:13-33:85
118                android:name="com.google.firebase.components:com.google.firebase.analytics.connector.internal.AnalyticsConnectorRegistrar"
118-->[com.google.android.gms:play-services-measurement-api:21.2.2] AndroidManifest.xml:32:17-139
119                android:value="com.google.firebase.components.ComponentRegistrar" />
119-->[com.google.android.gms:play-services-measurement-api:21.2.2] AndroidManifest.xml:33:17-82
120            <meta-data
120-->[com.google.firebase:firebase-installations:17.1.3] AndroidManifest.xml:17:13-19:85
121                android:name="com.google.firebase.components:com.google.firebase.installations.FirebaseInstallationsRegistrar"
121-->[com.google.firebase:firebase-installations:17.1.3] AndroidManifest.xml:18:17-127
122                android:value="com.google.firebase.components.ComponentRegistrar" />
122-->[com.google.firebase:firebase-installations:17.1.3] AndroidManifest.xml:19:17-82
123        </service>
124
125        <provider
125-->[com.google.firebase:firebase-common:20.3.2] AndroidManifest.xml:25:9-30:39
126            android:name="com.google.firebase.provider.FirebaseInitProvider"
126-->[com.google.firebase:firebase-common:20.3.2] AndroidManifest.xml:26:13-77
127            android:authorities="com.example.skripsi.firebaseinitprovider"
127-->[com.google.firebase:firebase-common:20.3.2] AndroidManifest.xml:27:13-72
128            android:directBootAware="true"
128-->[com.google.firebase:firebase-common:20.3.2] AndroidManifest.xml:28:13-43
129            android:exported="false"
129-->[com.google.firebase:firebase-common:20.3.2] AndroidManifest.xml:29:13-37
130            android:initOrder="100" />
130-->[com.google.firebase:firebase-common:20.3.2] AndroidManifest.xml:30:13-36
131
132        <activity
132-->[com.google.android.gms:play-services-base:18.1.0] AndroidManifest.xml:20:9-22:45
133            android:name="com.google.android.gms.common.api.GoogleApiActivity"
133-->[com.google.android.gms:play-services-base:18.1.0] AndroidManifest.xml:20:19-85
134            android:exported="false"
134-->[com.google.android.gms:play-services-base:18.1.0] AndroidManifest.xml:22:19-43
135            android:theme="@android:style/Theme.Translucent.NoTitleBar" />
135-->[com.google.android.gms:play-services-base:18.1.0] AndroidManifest.xml:21:19-78
136
137        <receiver
137-->[com.google.android.gms:play-services-measurement:21.2.2] AndroidManifest.xml:29:9-33:20
138            android:name="com.google.android.gms.measurement.AppMeasurementReceiver"
138-->[com.google.android.gms:play-services-measurement:21.2.2] AndroidManifest.xml:30:13-85
139            android:enabled="true"
139-->[com.google.android.gms:play-services-measurement:21.2.2] AndroidManifest.xml:31:13-35
140            android:exported="false" >
140-->[com.google.android.gms:play-services-measurement:21.2.2] AndroidManifest.xml:32:13-37
141        </receiver>
142
143        <service
143-->[com.google.android.gms:play-services-measurement:21.2.2] AndroidManifest.xml:35:9-38:40
144            android:name="com.google.android.gms.measurement.AppMeasurementService"
144-->[com.google.android.gms:play-services-measurement:21.2.2] AndroidManifest.xml:36:13-84
145            android:enabled="true"
145-->[com.google.android.gms:play-services-measurement:21.2.2] AndroidManifest.xml:37:13-35
146            android:exported="false" />
146-->[com.google.android.gms:play-services-measurement:21.2.2] AndroidManifest.xml:38:13-37
147        <service
147-->[com.google.android.gms:play-services-measurement:21.2.2] AndroidManifest.xml:39:9-43:72
148            android:name="com.google.android.gms.measurement.AppMeasurementJobService"
148-->[com.google.android.gms:play-services-measurement:21.2.2] AndroidManifest.xml:40:13-87
149            android:enabled="true"
149-->[com.google.android.gms:play-services-measurement:21.2.2] AndroidManifest.xml:41:13-35
150            android:exported="false"
150-->[com.google.android.gms:play-services-measurement:21.2.2] AndroidManifest.xml:42:13-37
151            android:permission="android.permission.BIND_JOB_SERVICE" />
151-->[com.google.android.gms:play-services-measurement:21.2.2] AndroidManifest.xml:43:13-69
152
153        <meta-data
153-->[com.google.android.gms:play-services-basement:18.1.0] AndroidManifest.xml:21:9-23:69
154            android:name="com.google.android.gms.version"
154-->[com.google.android.gms:play-services-basement:18.1.0] AndroidManifest.xml:22:13-58
155            android:value="@integer/google_play_services_version" />
155-->[com.google.android.gms:play-services-basement:18.1.0] AndroidManifest.xml:23:13-66
156
157        <provider
157-->[androidx.emoji2:emoji2:1.2.0] AndroidManifest.xml:24:9-32:20
158            android:name="androidx.startup.InitializationProvider"
158-->[androidx.emoji2:emoji2:1.2.0] AndroidManifest.xml:25:13-67
159            android:authorities="com.example.skripsi.androidx-startup"
159-->[androidx.emoji2:emoji2:1.2.0] AndroidManifest.xml:26:13-68
160            android:exported="false" >
160-->[androidx.emoji2:emoji2:1.2.0] AndroidManifest.xml:27:13-37
161            <meta-data
161-->[androidx.emoji2:emoji2:1.2.0] AndroidManifest.xml:29:13-31:52
162                android:name="androidx.emoji2.text.EmojiCompatInitializer"
162-->[androidx.emoji2:emoji2:1.2.0] AndroidManifest.xml:30:17-75
163                android:value="androidx.startup" />
163-->[androidx.emoji2:emoji2:1.2.0] AndroidManifest.xml:31:17-49
164            <meta-data
164-->[androidx.lifecycle:lifecycle-process:2.4.1] AndroidManifest.xml:31:13-33:52
165                android:name="androidx.lifecycle.ProcessLifecycleInitializer"
165-->[androidx.lifecycle:lifecycle-process:2.4.1] AndroidManifest.xml:32:17-78
166                android:value="androidx.startup" />
166-->[androidx.lifecycle:lifecycle-process:2.4.1] AndroidManifest.xml:33:17-49
167        </provider>
168    </application>
169
170</manifest>